{"/home/rich/code/pr-reviewer/src/azure-pipelines-task.ts": {"path":"/home/rich/code/pr-reviewer/src/azure-pipelines-task.ts","statementMap":{"0":{"start":{"line":5,"column":2},"end":{"line":83,"column":3}},"1":{"start":{"line":7,"column":20},"end":{"line":7,"column":70}},"2":{"start":{"line":8,"column":4},"end":{"line":10,"column":5}},"3":{"start":{"line":9,"column":6},"end":{"line":9,"column":109}},"4":{"start":{"line":12,"column":17},"end":{"line":12,"column":38}},"5":{"start":{"line":13,"column":4},"end":{"line":15,"column":5}},"6":{"start":{"line":14,"column":6},"end":{"line":14,"column":51}},"7":{"start":{"line":18,"column":19},"end":{"line":18,"column":57}},"8":{"start":{"line":19,"column":20},"end":{"line":19,"column":56}},"9":{"start":{"line":20,"column":23},"end":{"line":20,"column":62}},"10":{"start":{"line":21,"column":24},"end":{"line":21,"column":60}},"11":{"start":{"line":23,"column":4},"end":{"line":25,"column":5}},"12":{"start":{"line":24,"column":6},"end":{"line":24,"column":129}},"13":{"start":{"line":27,"column":4},"end":{"line":29,"column":5}},"14":{"start":{"line":28,"column":6},"end":{"line":28,"column":113}},"15":{"start":{"line":32,"column":25},"end":{"line":32,"column":58}},"16":{"start":{"line":33,"column":23},"end":{"line":33,"column":68}},"17":{"start":{"line":34,"column":24},"end":{"line":34,"column":61}},"18":{"start":{"line":35,"column":24},"end":{"line":35,"column":61}},"19":{"start":{"line":37,"column":4},"end":{"line":37,"column":78}},"20":{"start":{"line":38,"column":4},"end":{"line":38,"column":68}},"21":{"start":{"line":39,"column":4},"end":{"line":39,"column":51}},"22":{"start":{"line":40,"column":4},"end":{"line":40,"column":51}},"23":{"start":{"line":43,"column":4},"end":{"line":43,"column":46}},"24":{"start":{"line":44,"column":4},"end":{"line":44,"column":41}},"25":{"start":{"line":47,"column":19},"end":{"line":56,"column":6}},"26":{"start":{"line":59,"column":4},"end":{"line":59,"column":59}},"27":{"start":{"line":60,"column":4},"end":{"line":60,"column":69}},"28":{"start":{"line":61,"column":4},"end":{"line":61,"column":73}},"29":{"start":{"line":62,"column":4},"end":{"line":62,"column":65}},"30":{"start":{"line":65,"column":4},"end":{"line":65,"column":40}},"31":{"start":{"line":66,"column":4},"end":{"line":66,"column":57}},"32":{"start":{"line":67,"column":4},"end":{"line":67,"column":63}},"33":{"start":{"line":68,"column":4},"end":{"line":68,"column":55}},"34":{"start":{"line":69,"column":4},"end":{"line":69,"column":57}},"35":{"start":{"line":72,"column":4},"end":{"line":79,"column":5}},"36":{"start":{"line":73,"column":6},"end":{"line":76,"column":8}},"37":{"start":{"line":78,"column":6},"end":{"line":78,"column":77}},"38":{"start":{"line":81,"column":20},"end":{"line":81,"column":74}},"39":{"start":{"line":82,"column":4},"end":{"line":82,"column":71}},"40":{"start":{"line":86,"column":0},"end":{"line":86,"column":6}}},"fnMap":{"0":{"name":"run","decl":{"start":{"line":4,"column":15},"end":{"line":4,"column":18}},"loc":{"start":{"line":4,"column":18},"end":{"line":84,"column":1}}}},"branchMap":{"0":{"loc":{"start":{"line":8,"column":4},"end":{"line":10,"column":5}},"type":"if","locations":[{"start":{"line":8,"column":4},"end":{"line":10,"column":5}}]},"1":{"loc":{"start":{"line":13,"column":4},"end":{"line":15,"column":5}},"type":"if","locations":[{"start":{"line":13,"column":4},"end":{"line":15,"column":5}}]},"2":{"loc":{"start":{"line":23,"column":4},"end":{"line":25,"column":5}},"type":"if","locations":[{"start":{"line":23,"column":4},"end":{"line":25,"column":5}}]},"3":{"loc":{"start":{"line":23,"column":8},"end":{"line":23,"column":42}},"type":"binary-expr","locations":[{"start":{"line":23,"column":8},"end":{"line":23,"column":15}},{"start":{"line":23,"column":19},"end":{"line":23,"column":27}},{"start":{"line":23,"column":31},"end":{"line":23,"column":42}}]},"4":{"loc":{"start":{"line":27,"column":4},"end":{"line":29,"column":5}},"type":"if","locations":[{"start":{"line":27,"column":4},"end":{"line":29,"column":5}}]},"5":{"loc":{"start":{"line":33,"column":23},"end":{"line":33,"column":68}},"type":"binary-expr","locations":[{"start":{"line":33,"column":23},"end":{"line":33,"column":55}},{"start":{"line":33,"column":59},"end":{"line":33,"column":68}}]},"6":{"loc":{"start":{"line":38,"column":35},"end":{"line":38,"column":64}},"type":"binary-expr","locations":[{"start":{"line":38,"column":35},"end":{"line":38,"column":45}},{"start":{"line":38,"column":49},"end":{"line":38,"column":64}}]},"7":{"loc":{"start":{"line":72,"column":4},"end":{"line":79,"column":5}},"type":"if","locations":[{"start":{"line":72,"column":4},"end":{"line":79,"column":5}},{"start":{"line":77,"column":11},"end":{"line":79,"column":5}}]},"8":{"loc":{"start":{"line":72,"column":8},"end":{"line":72,"column":48}},"type":"binary-expr","locations":[{"start":{"line":72,"column":8},"end":{"line":72,"column":19}},{"start":{"line":72,"column":23},"end":{"line":72,"column":48}}]},"9":{"loc":{"start":{"line":81,"column":20},"end":{"line":81,"column":74}},"type":"cond-expr","locations":[{"start":{"line":81,"column":45},"end":{"line":81,"column":58}},{"start":{"line":81,"column":61},"end":{"line":81,"column":74}}]}},"s":{"0":0,"1":0,"2":0,"3":0,"4":0,"5":0,"6":0,"7":0,"8":0,"9":0,"10":0,"11":0,"12":0,"13":0,"14":0,"15":0,"16":0,"17":0,"18":0,"19":0,"20":0,"21":0,"22":0,"23":0,"24":0,"25":0,"26":0,"27":0,"28":0,"29":0,"30":0,"31":0,"32":0,"33":0,"34":0,"35":0,"36":0,"37":0,"38":0,"39":0,"40":0},"f":{"0":0},"b":{"0":[0],"1":[0],"2":[0],"3":[0,0,0],"4":[0],"5":[0,0],"6":[0,0],"7":[0,0],"8":[0,0],"9":[0,0]}}
,"/home/rich/code/pr-reviewer/src/github-action.ts": {"path":"/home/rich/code/pr-reviewer/src/github-action.ts","statementMap":{"0":{"start":{"line":6,"column":2},"end":{"line":67,"column":3}},"1":{"start":{"line":8,"column":4},"end":{"line":10,"column":5}},"2":{"start":{"line":9,"column":6},"end":{"line":9,"column":76}},"3":{"start":{"line":12,"column":21},"end":{"line":12,"column":63}},"4":{"start":{"line":13,"column":18},"end":{"line":13,"column":43}},"5":{"start":{"line":14,"column":17},"end":{"line":14,"column":41}},"6":{"start":{"line":17,"column":25},"end":{"line":17,"column":75}},"7":{"start":{"line":18,"column":24},"end":{"line":18,"column":73}},"8":{"start":{"line":19,"column":23},"end":{"line":19,"column":64}},"9":{"start":{"line":20,"column":24},"end":{"line":20,"column":60}},"10":{"start":{"line":21,"column":24},"end":{"line":21,"column":61}},"11":{"start":{"line":23,"column":4},"end":{"line":23,"column":72}},"12":{"start":{"line":24,"column":4},"end":{"line":24,"column":66}},"13":{"start":{"line":25,"column":4},"end":{"line":25,"column":49}},"14":{"start":{"line":26,"column":4},"end":{"line":26,"column":49}},"15":{"start":{"line":29,"column":4},"end":{"line":29,"column":45}},"16":{"start":{"line":30,"column":4},"end":{"line":30,"column":40}},"17":{"start":{"line":33,"column":19},"end":{"line":41,"column":6}},"18":{"start":{"line":44,"column":4},"end":{"line":44,"column":53}},"19":{"start":{"line":45,"column":4},"end":{"line":45,"column":63}},"20":{"start":{"line":46,"column":4},"end":{"line":46,"column":67}},"21":{"start":{"line":47,"column":4},"end":{"line":47,"column":59}},"22":{"start":{"line":50,"column":4},"end":{"line":50,"column":38}},"23":{"start":{"line":51,"column":4},"end":{"line":51,"column":55}},"24":{"start":{"line":52,"column":4},"end":{"line":52,"column":61}},"25":{"start":{"line":53,"column":4},"end":{"line":53,"column":53}},"26":{"start":{"line":54,"column":4},"end":{"line":54,"column":55}},"27":{"start":{"line":57,"column":4},"end":{"line":63,"column":5}},"28":{"start":{"line":58,"column":6},"end":{"line":60,"column":8}},"29":{"start":{"line":62,"column":6},"end":{"line":62,"column":53}},"30":{"start":{"line":65,"column":20},"end":{"line":65,"column":74}},"31":{"start":{"line":66,"column":4},"end":{"line":66,"column":51}},"32":{"start":{"line":70,"column":0},"end":{"line":70,"column":6}}},"fnMap":{"0":{"name":"run","decl":{"start":{"line":5,"column":15},"end":{"line":5,"column":18}},"loc":{"start":{"line":5,"column":18},"end":{"line":68,"column":1}}}},"branchMap":{"0":{"loc":{"start":{"line":8,"column":4},"end":{"line":10,"column":5}},"type":"if","locations":[{"start":{"line":8,"column":4},"end":{"line":10,"column":5}}]},"1":{"loc":{"start":{"line":19,"column":23},"end":{"line":19,"column":64}},"type":"binary-expr","locations":[{"start":{"line":19,"column":23},"end":{"line":19,"column":51}},{"start":{"line":19,"column":55},"end":{"line":19,"column":64}}]},"2":{"loc":{"start":{"line":24,"column":33},"end":{"line":24,"column":62}},"type":"binary-expr","locations":[{"start":{"line":24,"column":33},"end":{"line":24,"column":43}},{"start":{"line":24,"column":47},"end":{"line":24,"column":62}}]},"3":{"loc":{"start":{"line":57,"column":4},"end":{"line":63,"column":5}},"type":"if","locations":[{"start":{"line":57,"column":4},"end":{"line":63,"column":5}},{"start":{"line":61,"column":11},"end":{"line":63,"column":5}}]},"4":{"loc":{"start":{"line":57,"column":8},"end":{"line":57,"column":48}},"type":"binary-expr","locations":[{"start":{"line":57,"column":8},"end":{"line":57,"column":19}},{"start":{"line":57,"column":23},"end":{"line":57,"column":48}}]},"5":{"loc":{"start":{"line":65,"column":20},"end":{"line":65,"column":74}},"type":"cond-expr","locations":[{"start":{"line":65,"column":45},"end":{"line":65,"column":58}},{"start":{"line":65,"column":61},"end":{"line":65,"column":74}}]}},"s":{"0":0,"1":0,"2":0,"3":0,"4":0,"5":0,"6":0,"7":0,"8":0,"9":0,"10":0,"11":0,"12":0,"13":0,"14":0,"15":0,"16":0,"17":0,"18":0,"19":0,"20":0,"21":0,"22":0,"23":0,"24":0,"25":0,"26":0,"27":0,"28":0,"29":0,"30":0,"31":0,"32":0},"f":{"0":0},"b":{"0":[0],"1":[0,0],"2":[0,0],"3":[0,0],"4":[0,0],"5":[0,0]}}
,"/home/rich/code/pr-reviewer/src/index.ts": {"path":"/home/rich/code/pr-reviewer/src/index.ts","statementMap":{"0":{"start":{"line":114,"column":0},"end":{"line":114,"column":7}},"1":{"start":{"line":1,"column":0},"end":{"line":1,"column":34}},"2":{"start":{"line":3,"column":0},"end":{"line":3,"column":61}},"3":{"start":{"line":4,"column":0},"end":{"line":4,"column":50}},"4":{"start":{"line":5,"column":0},"end":{"line":5,"column":66}},"5":{"start":{"line":6,"column":0},"end":{"line":6,"column":54}},"6":{"start":{"line":49,"column":24},"end":{"line":54,"column":4}},"7":{"start":{"line":56,"column":2},"end":{"line":63,"column":3}},"8":{"start":{"line":57,"column":4},"end":{"line":62,"column":5}},"9":{"start":{"line":58,"column":6},"end":{"line":58,"column":34}},"10":{"start":{"line":59,"column":6},"end":{"line":59,"column":24}},"11":{"start":{"line":65,"column":2},"end":{"line":65,"column":14}},"12":{"start":{"line":72,"column":44},"end":{"line":72,"column":54}},"13":{"start":{"line":74,"column":2},"end":{"line":83,"column":3}},"14":{"start":{"line":75,"column":23},"end":{"line":75,"column":49}},"15":{"start":{"line":76,"column":4},"end":{"line":81,"column":5}},"16":{"start":{"line":77,"column":6},"end":{"line":80,"column":8}},"17":{"start":{"line":82,"column":4},"end":{"line":82,"column":33}},"18":{"start":{"line":85,"column":24},"end":{"line":85,"column":67}},"19":{"start":{"line":86,"column":31},"end":{"line":86,"column":56}},"20":{"start":{"line":88,"column":2},"end":{"line":90,"column":3}},"21":{"start":{"line":89,"column":4},"end":{"line":89,"column":64}},"22":{"start":{"line":92,"column":2},"end":{"line":92,"column":16}},"23":{"start":{"line":118,"column":23},"end":{"line":118,"column":59}},"24":{"start":{"line":119,"column":24},"end":{"line":119,"column":68}},"25":{"start":{"line":119,"column":58},"end":{"line":119,"column":67}},"26":{"start":{"line":121,"column":2},"end":{"line":123,"column":3}},"27":{"start":{"line":122,"column":4},"end":{"line":122,"column":64}},"28":{"start":{"line":130,"column":2},"end":{"line":168,"column":3}},"29":{"start":{"line":131,"column":4},"end":{"line":133,"column":5}},"30":{"start":{"line":132,"column":6},"end":{"line":132,"column":84}},"31":{"start":{"line":135,"column":19},"end":{"line":138,"column":null}},"32":{"start":{"line":141,"column":4},"end":{"line":141,"column":55}},"33":{"start":{"line":142,"column":4},"end":{"line":142,"column":67}},"34":{"start":{"line":144,"column":4},"end":{"line":147,"column":5}},"35":{"start":{"line":145,"column":6},"end":{"line":146,"column":63}},"36":{"start":{"line":146,"column":8},"end":{"line":146,"column":62}},"37":{"start":{"line":148,"column":9},"end":{"line":168,"column":3}},"38":{"start":{"line":149,"column":4},"end":{"line":151,"column":5}},"39":{"start":{"line":150,"column":6},"end":{"line":150,"column":99}},"40":{"start":{"line":153,"column":19},"end":{"line":156,"column":null}},"41":{"start":{"line":159,"column":4},"end":{"line":159,"column":75}},"42":{"start":{"line":160,"column":4},"end":{"line":160,"column":87}},"43":{"start":{"line":162,"column":4},"end":{"line":165,"column":5}},"44":{"start":{"line":163,"column":6},"end":{"line":164,"column":92}},"45":{"start":{"line":164,"column":8},"end":{"line":164,"column":91}},"46":{"start":{"line":167,"column":4},"end":{"line":167,"column":89}},"47":{"start":{"line":170,"column":2},"end":{"line":179,"column":3}},"48":{"start":{"line":172,"column":21},"end":{"line":172,"column":41}},"49":{"start":{"line":173,"column":4},"end":{"line":178,"column":6}},"50":{"start":{"line":182,"column":23},"end":{"line":182,"column":45}},"51":{"start":{"line":183,"column":2},"end":{"line":183,"column":34}},"52":{"start":{"line":185,"column":2},"end":{"line":216,"column":3}},"53":{"start":{"line":187,"column":20},"end":{"line":187,"column":80}},"54":{"start":{"line":190,"column":21},"end":{"line":190,"column":41}},"55":{"start":{"line":191,"column":20},"end":{"line":191,"column":53}},"56":{"start":{"line":193,"column":33},"end":{"line":198,"column":6}},"57":{"start":{"line":201,"column":4},"end":{"line":204,"column":5}},"58":{"start":{"line":202,"column":29},"end":{"line":202,"column":66}},"59":{"start":{"line":203,"column":6},"end":{"line":203,"column":70}},"60":{"start":{"line":207,"column":4},"end":{"line":210,"column":5}},"61":{"start":{"line":208,"column":29},"end":{"line":208,"column":66}},"62":{"start":{"line":209,"column":6},"end":{"line":209,"column":42}},"63":{"start":{"line":212,"column":4},"end":{"line":212,"column":18}},"64":{"start":{"line":215,"column":4},"end":{"line":215,"column":33}},"65":{"start":{"line":220,"column":0},"end":{"line":220,"column":33}},"66":{"start":{"line":221,"column":0},"end":{"line":221,"column":9}},"67":{"start":{"line":221,"column":9},"end":{"line":221,"column":50}},"68":{"start":{"line":222,"column":0},"end":{"line":222,"column":9}},"69":{"start":{"line":222,"column":9},"end":{"line":222,"column":61}},"70":{"start":{"line":223,"column":0},"end":{"line":223,"column":9}},"71":{"start":{"line":223,"column":9},"end":{"line":223,"column":66}},"72":{"start":{"line":224,"column":0},"end":{"line":224,"column":9}},"73":{"start":{"line":224,"column":9},"end":{"line":224,"column":54}}},"fnMap":{"0":{"name":"discoverConfigFile","decl":{"start":{"line":48,"column":15},"end":{"line":48,"column":33}},"loc":{"start":{"line":48,"column":33},"end":{"line":66,"column":1}}},"1":{"name":"loadConfig","decl":{"start":{"line":71,"column":15},"end":{"line":71,"column":25}},"loc":{"start":{"line":71,"column":45},"end":{"line":93,"column":1}}},"2":{"name":"reviewPullRequest","decl":{"start":{"line":114,"column":22},"end":{"line":114,"column":39}},"loc":{"start":{"line":115,"column":24},"end":{"line":217,"column":1}}},"3":{"name":"(anonymous_13)","decl":{"start":{"line":119,"column":51},"end":{"line":119,"column":52}},"loc":{"start":{"line":119,"column":58},"end":{"line":119,"column":67}}},"4":{"name":"(anonymous_14)","decl":{"start":{"line":145,"column":22},"end":{"line":145,"column":23}},"loc":{"start":{"line":146,"column":8},"end":{"line":146,"column":62}}},"5":{"name":"(anonymous_15)","decl":{"start":{"line":163,"column":22},"end":{"line":163,"column":23}},"loc":{"start":{"line":164,"column":8},"end":{"line":164,"column":91}}},"6":{"name":"(anonymous_16)","decl":{"start":{"line":221,"column":9},"end":{"line":221,"column":21}},"loc":{"start":{"line":221,"column":9},"end":{"line":221,"column":50}}},"7":{"name":"(anonymous_17)","decl":{"start":{"line":222,"column":9},"end":{"line":222,"column":26}},"loc":{"start":{"line":222,"column":9},"end":{"line":222,"column":61}}},"8":{"name":"(anonymous_18)","decl":{"start":{"line":223,"column":9},"end":{"line":223,"column":25}},"loc":{"start":{"line":223,"column":9},"end":{"line":223,"column":66}}},"9":{"name":"(anonymous_19)","decl":{"start":{"line":224,"column":9},"end":{"line":224,"column":23}},"loc":{"start":{"line":224,"column":9},"end":{"line":224,"column":54}}}},"branchMap":{"0":{"loc":{"start":{"line":74,"column":2},"end":{"line":83,"column":3}},"type":"if","locations":[{"start":{"line":74,"column":2},"end":{"line":83,"column":3}}]},"1":{"loc":{"start":{"line":76,"column":4},"end":{"line":81,"column":5}},"type":"if","locations":[{"start":{"line":76,"column":4},"end":{"line":81,"column":5}}]},"2":{"loc":{"start":{"line":88,"column":2},"end":{"line":90,"column":3}},"type":"if","locations":[{"start":{"line":88,"column":2},"end":{"line":90,"column":3}}]},"3":{"loc":{"start":{"line":88,"column":6},"end":{"line":88,"column":53}},"type":"binary-expr","locations":[{"start":{"line":88,"column":6},"end":{"line":88,"column":20}},{"start":{"line":88,"column":24},"end":{"line":88,"column":53}}]},"4":{"loc":{"start":{"line":121,"column":2},"end":{"line":123,"column":3}},"type":"if","locations":[{"start":{"line":121,"column":2},"end":{"line":123,"column":3}}]},"5":{"loc":{"start":{"line":130,"column":2},"end":{"line":168,"column":3}},"type":"if","locations":[{"start":{"line":130,"column":2},"end":{"line":168,"column":3}},{"start":{"line":148,"column":9},"end":{"line":168,"column":3}}]},"6":{"loc":{"start":{"line":131,"column":4},"end":{"line":133,"column":5}},"type":"if","locations":[{"start":{"line":131,"column":4},"end":{"line":133,"column":5}}]},"7":{"loc":{"start":{"line":131,"column":8},"end":{"line":131,"column":46}},"type":"binary-expr","locations":[{"start":{"line":131,"column":8},"end":{"line":131,"column":28}},{"start":{"line":131,"column":32},"end":{"line":131,"column":46}}]},"8":{"loc":{"start":{"line":144,"column":4},"end":{"line":147,"column":5}},"type":"if","locations":[{"start":{"line":144,"column":4},"end":{"line":147,"column":5}}]},"9":{"loc":{"start":{"line":148,"column":9},"end":{"line":168,"column":3}},"type":"if","locations":[{"start":{"line":148,"column":9},"end":{"line":168,"column":3}},{"start":{"line":166,"column":9},"end":{"line":168,"column":3}}]},"10":{"loc":{"start":{"line":149,"column":4},"end":{"line":151,"column":5}},"type":"if","locations":[{"start":{"line":149,"column":4},"end":{"line":151,"column":5}}]},"11":{"loc":{"start":{"line":149,"column":8},"end":{"line":149,"column":63}},"type":"binary-expr","locations":[{"start":{"line":149,"column":8},"end":{"line":149,"column":23}},{"start":{"line":149,"column":27},"end":{"line":149,"column":43}},{"start":{"line":149,"column":47},"end":{"line":149,"column":63}}]},"12":{"loc":{"start":{"line":162,"column":4},"end":{"line":165,"column":5}},"type":"if","locations":[{"start":{"line":162,"column":4},"end":{"line":165,"column":5}}]},"13":{"loc":{"start":{"line":170,"column":2},"end":{"line":179,"column":3}},"type":"if","locations":[{"start":{"line":170,"column":2},"end":{"line":179,"column":3}}]},"14":{"loc":{"start":{"line":201,"column":4},"end":{"line":204,"column":5}},"type":"if","locations":[{"start":{"line":201,"column":4},"end":{"line":204,"column":5}}]},"15":{"loc":{"start":{"line":207,"column":4},"end":{"line":210,"column":5}},"type":"if","locations":[{"start":{"line":207,"column":4},"end":{"line":210,"column":5}}]}},"s":{"0":1,"1":1,"2":1,"3":1,"4":1,"5":1,"6":3,"7":3,"8":7,"9":7,"10":2,"11":1,"12":12,"13":12,"14":3,"15":3,"16":1,"17":2,"18":11,"19":11,"20":11,"21":1,"22":10,"23":12,"24":10,"25":11,"26":10,"27":0,"28":10,"29":9,"30":1,"31":8,"32":8,"33":8,"34":8,"35":1,"36":1,"37":1,"38":1,"39":1,"40":0,"41":0,"42":0,"43":0,"44":0,"45":0,"46":0,"47":8,"48":4,"49":4,"50":4,"51":4,"52":4,"53":4,"54":3,"55":3,"56":3,"57":3,"58":1,"59":1,"60":3,"61":1,"62":1,"63":3,"64":4,"65":1,"66":1,"67":1,"68":1,"69":1,"70":1,"71":1,"72":1,"73":1},"f":{"0":3,"1":12,"2":12,"3":11,"4":1,"5":0,"6":0,"7":0,"8":0,"9":0},"b":{"0":[3],"1":[1],"2":[1],"3":[11,10],"4":[0],"5":[9,1],"6":[1],"7":[9,8],"8":[1],"9":[1,0],"10":[1],"11":[1,0,0],"12":[0],"13":[4],"14":[1],"15":[1]}}
,"/home/rich/code/pr-reviewer/src/azure-devops/client.ts": {"path":"/home/rich/code/pr-reviewer/src/azure-devops/client.ts","statementMap":{"0":{"start":{"line":1,"column":0},"end":{"line":1,"column":47}},"1":{"start":{"line":11,"column":4},"end":{"line":11,"column":25}},"2":{"start":{"line":12,"column":4},"end":{"line":12,"column":27}},"3":{"start":{"line":14,"column":24},"end":{"line":14,"column":80}},"4":{"start":{"line":15,"column":4},"end":{"line":15,"column":60}},"5":{"start":{"line":19,"column":19},"end":{"line":19,"column":52}},"6":{"start":{"line":20,"column":15},"end":{"line":20,"column":85}},"7":{"start":{"line":22,"column":4},"end":{"line":24,"column":5}},"8":{"start":{"line":23,"column":6},"end":{"line":23,"column":65}},"9":{"start":{"line":26,"column":4},"end":{"line":35,"column":6}},"10":{"start":{"line":39,"column":19},"end":{"line":39,"column":52}},"11":{"start":{"line":42,"column":23},"end":{"line":42,"column":103}},"12":{"start":{"line":43,"column":4},"end":{"line":45,"column":5}},"13":{"start":{"line":44,"column":6},"end":{"line":44,"column":16}},"14":{"start":{"line":48,"column":28},"end":{"line":48,"column":61}},"15":{"start":{"line":49,"column":20},"end":{"line":53,"column":null}},"16":{"start":{"line":56,"column":38},"end":{"line":56,"column":40}},"17":{"start":{"line":58,"column":4},"end":{"line":109,"column":5}},"18":{"start":{"line":59,"column":6},"end":{"line":108,"column":7}},"19":{"start":{"line":60,"column":8},"end":{"line":60,"column":41}},"20":{"start":{"line":60,"column":32},"end":{"line":60,"column":41}},"21":{"start":{"line":63,"column":8},"end":{"line":69,"column":9}},"22":{"start":{"line":64,"column":10},"end":{"line":64,"column":32}},"23":{"start":{"line":65,"column":15},"end":{"line":69,"column":9}},"24":{"start":{"line":66,"column":10},"end":{"line":66,"column":29}},"25":{"start":{"line":68,"column":10},"end":{"line":68,"column":30}},"26":{"start":{"line":75,"column":8},"end":{"line":100,"column":9}},"27":{"start":{"line":76,"column":10},"end":{"line":90,"column":11}},"28":{"start":{"line":77,"column":25},"end":{"line":80,"column":null}},"29":{"start":{"line":82,"column":12},"end":{"line":89,"column":13}},"30":{"start":{"line":84,"column":39},"end":{"line":84,"column":41}},"31":{"start":{"line":85,"column":14},"end":{"line":87,"column":15}},"32":{"start":{"line":86,"column":16},"end":{"line":86,"column":48}},"33":{"start":{"line":88,"column":14},"end":{"line":88,"column":64}},"34":{"start":{"line":93,"column":10},"end":{"line":97,"column":11}},"35":{"start":{"line":96,"column":12},"end":{"line":96,"column":34}},"36":{"start":{"line":99,"column":10},"end":{"line":99,"column":82}},"37":{"start":{"line":102,"column":8},"end":{"line":107,"column":11}},"38":{"start":{"line":111,"column":4},"end":{"line":111,"column":23}},"39":{"start":{"line":120,"column":19},"end":{"line":120,"column":52}},"40":{"start":{"line":122,"column":19},"end":{"line":128,"column":6}},"41":{"start":{"line":130,"column":4},"end":{"line":130,"column":81}},"42":{"start":{"line":138,"column":19},"end":{"line":138,"column":52}},"43":{"start":{"line":140,"column":15},"end":{"line":140,"column":85}},"44":{"start":{"line":141,"column":4},"end":{"line":143,"column":5}},"45":{"start":{"line":142,"column":6},"end":{"line":142,"column":65}},"46":{"start":{"line":145,"column":4},"end":{"line":152,"column":6}},"47":{"start":{"line":5,"column":0},"end":{"line":5,"column":13}}},"fnMap":{"0":{"name":"(anonymous_9)","decl":{"start":{"line":10,"column":2},"end":{"line":10,"column":14}},"loc":{"start":{"line":10,"column":74},"end":{"line":16,"column":3}}},"1":{"name":"(anonymous_10)","decl":{"start":{"line":18,"column":2},"end":{"line":18,"column":7}},"loc":{"start":{"line":18,"column":66},"end":{"line":36,"column":3}}},"2":{"name":"(anonymous_11)","decl":{"start":{"line":38,"column":2},"end":{"line":38,"column":7}},"loc":{"start":{"line":38,"column":73},"end":{"line":112,"column":3}}},"3":{"name":"(anonymous_12)","decl":{"start":{"line":114,"column":2},"end":{"line":114,"column":7}},"loc":{"start":{"line":118,"column":52},"end":{"line":131,"column":3}}},"4":{"name":"(anonymous_13)","decl":{"start":{"line":133,"column":2},"end":{"line":133,"column":7}},"loc":{"start":{"line":136,"column":26},"end":{"line":153,"column":3}}}},"branchMap":{"0":{"loc":{"start":{"line":22,"column":4},"end":{"line":24,"column":5}},"type":"if","locations":[{"start":{"line":22,"column":4},"end":{"line":24,"column":5}}]},"1":{"loc":{"start":{"line":30,"column":13},"end":{"line":30,"column":27}},"type":"binary-expr","locations":[{"start":{"line":30,"column":13},"end":{"line":30,"column":21}},{"start":{"line":30,"column":25},"end":{"line":30,"column":27}}]},"2":{"loc":{"start":{"line":31,"column":19},"end":{"line":31,"column":39}},"type":"binary-expr","locations":[{"start":{"line":31,"column":19},"end":{"line":31,"column":33}},{"start":{"line":31,"column":37},"end":{"line":31,"column":39}}]},"3":{"loc":{"start":{"line":32,"column":21},"end":{"line":32,"column":43}},"type":"binary-expr","locations":[{"start":{"line":32,"column":21},"end":{"line":32,"column":37}},{"start":{"line":32,"column":41},"end":{"line":32,"column":43}}]},"4":{"loc":{"start":{"line":33,"column":21},"end":{"line":33,"column":43}},"type":"binary-expr","locations":[{"start":{"line":33,"column":21},"end":{"line":33,"column":37}},{"start":{"line":33,"column":41},"end":{"line":33,"column":43}}]},"5":{"loc":{"start":{"line":34,"column":17},"end":{"line":34,"column":55}},"type":"binary-expr","locations":[{"start":{"line":34,"column":17},"end":{"line":34,"column":42}},{"start":{"line":34,"column":46},"end":{"line":34,"column":55}}]},"6":{"loc":{"start":{"line":43,"column":4},"end":{"line":45,"column":5}},"type":"if","locations":[{"start":{"line":43,"column":4},"end":{"line":45,"column":5}}]},"7":{"loc":{"start":{"line":43,"column":8},"end":{"line":43,"column":46}},"type":"binary-expr","locations":[{"start":{"line":43,"column":8},"end":{"line":43,"column":19}},{"start":{"line":43,"column":23},"end":{"line":43,"column":46}}]},"8":{"loc":{"start":{"line":58,"column":4},"end":{"line":109,"column":5}},"type":"if","locations":[{"start":{"line":58,"column":4},"end":{"line":109,"column":5}}]},"9":{"loc":{"start":{"line":60,"column":8},"end":{"line":60,"column":41}},"type":"if","locations":[{"start":{"line":60,"column":8},"end":{"line":60,"column":41}}]},"10":{"loc":{"start":{"line":63,"column":8},"end":{"line":69,"column":9}},"type":"if","locations":[{"start":{"line":63,"column":8},"end":{"line":69,"column":9}},{"start":{"line":65,"column":15},"end":{"line":69,"column":9}}]},"11":{"loc":{"start":{"line":63,"column":12},"end":{"line":63,"column":80}},"type":"binary-expr","locations":[{"start":{"line":63,"column":12},"end":{"line":63,"column":29}},{"start":{"line":63,"column":33},"end":{"line":63,"column":80}}]},"12":{"loc":{"start":{"line":65,"column":15},"end":{"line":69,"column":9}},"type":"if","locations":[{"start":{"line":65,"column":15},"end":{"line":69,"column":9}},{"start":{"line":67,"column":15},"end":{"line":69,"column":9}}]},"13":{"loc":{"start":{"line":65,"column":19},"end":{"line":65,"column":84}},"type":"binary-expr","locations":[{"start":{"line":65,"column":19},"end":{"line":65,"column":36}},{"start":{"line":65,"column":40},"end":{"line":65,"column":84}}]},"14":{"loc":{"start":{"line":76,"column":10},"end":{"line":90,"column":11}},"type":"if","locations":[{"start":{"line":76,"column":10},"end":{"line":90,"column":11}}]},"15":{"loc":{"start":{"line":76,"column":14},"end":{"line":76,"column":61}},"type":"binary-expr","locations":[{"start":{"line":76,"column":14},"end":{"line":76,"column":37}},{"start":{"line":76,"column":41},"end":{"line":76,"column":61}}]},"16":{"loc":{"start":{"line":82,"column":12},"end":{"line":89,"column":13}},"type":"if","locations":[{"start":{"line":82,"column":12},"end":{"line":89,"column":13}}]},"17":{"loc":{"start":{"line":93,"column":10},"end":{"line":97,"column":11}},"type":"if","locations":[{"start":{"line":93,"column":10},"end":{"line":97,"column":11}}]},"18":{"loc":{"start":{"line":118,"column":4},"end":{"line":118,"column":52}},"type":"default-arg","locations":[{"start":{"line":118,"column":44},"end":{"line":118,"column":52}}]},"19":{"loc":{"start":{"line":127,"column":14},"end":{"line":127,"column":66}},"type":"cond-expr","locations":[{"start":{"line":127,"column":36},"end":{"line":127,"column":37}},{"start":{"line":127,"column":40},"end":{"line":127,"column":66}}]},"20":{"loc":{"start":{"line":127,"column":40},"end":{"line":127,"column":66}},"type":"cond-expr","locations":[{"start":{"line":127,"column":61},"end":{"line":127,"column":62}},{"start":{"line":127,"column":65},"end":{"line":127,"column":66}}]},"21":{"loc":{"start":{"line":141,"column":4},"end":{"line":143,"column":5}},"type":"if","locations":[{"start":{"line":141,"column":4},"end":{"line":143,"column":5}}]}},"s":{"0":1,"1":0,"2":0,"3":0,"4":0,"5":0,"6":0,"7":0,"8":0,"9":0,"10":0,"11":0,"12":0,"13":0,"14":0,"15":0,"16":0,"17":0,"18":0,"19":0,"20":0,"21":0,"22":0,"23":0,"24":0,"25":0,"26":0,"27":0,"28":0,"29":0,"30":0,"31":0,"32":0,"33":0,"34":0,"35":0,"36":0,"37":0,"38":0,"39":0,"40":0,"41":0,"42":0,"43":0,"44":0,"45":0,"46":0,"47":1},"f":{"0":0,"1":0,"2":0,"3":0,"4":0},"b":{"0":[0],"1":[0,0],"2":[0,0],"3":[0,0],"4":[0,0],"5":[0,0],"6":[0],"7":[0,0],"8":[0],"9":[0],"10":[0,0],"11":[0,0],"12":[0,0],"13":[0,0],"14":[0],"15":[0,0],"16":[0],"17":[0],"18":[0],"19":[0,0],"20":[0,0],"21":[0]}}
,"/home/rich/code/pr-reviewer/src/github/client.ts": {"path":"/home/rich/code/pr-reviewer/src/github/client.ts","statementMap":{"0":{"start":{"line":1,"column":0},"end":{"line":1,"column":40}},"1":{"start":{"line":10,"column":4},"end":{"line":10,"column":23}},"2":{"start":{"line":11,"column":4},"end":{"line":11,"column":21}},"3":{"start":{"line":12,"column":4},"end":{"line":12,"column":48}},"4":{"start":{"line":16,"column":25},"end":{"line":20,"column":6}},"5":{"start":{"line":22,"column":4},"end":{"line":31,"column":6}},"6":{"start":{"line":36,"column":28},"end":{"line":41,"column":6}},"7":{"start":{"line":43,"column":38},"end":{"line":43,"column":40}},"8":{"start":{"line":45,"column":4},"end":{"line":84,"column":5}},"9":{"start":{"line":48,"column":6},"end":{"line":54,"column":7}},"10":{"start":{"line":49,"column":8},"end":{"line":49,"column":30}},"11":{"start":{"line":50,"column":13},"end":{"line":54,"column":7}},"12":{"start":{"line":51,"column":8},"end":{"line":51,"column":27}},"13":{"start":{"line":53,"column":8},"end":{"line":53,"column":28}},"14":{"start":{"line":57,"column":44},"end":{"line":57,"column":54}},"15":{"start":{"line":60,"column":6},"end":{"line":76,"column":7}},"16":{"start":{"line":61,"column":8},"end":{"line":75,"column":9}},"17":{"start":{"line":62,"column":33},"end":{"line":66,"column":12}},"18":{"start":{"line":68,"column":10},"end":{"line":72,"column":11}},"19":{"start":{"line":69,"column":12},"end":{"line":69,"column":76}},"20":{"start":{"line":71,"column":12},"end":{"line":71,"column":35}},"21":{"start":{"line":74,"column":10},"end":{"line":74,"column":79}},"22":{"start":{"line":78,"column":6},"end":{"line":83,"column":9}},"23":{"start":{"line":86,"column":4},"end":{"line":86,"column":23}},"24":{"start":{"line":93,"column":4},"end":{"line":98,"column":7}},"25":{"start":{"line":108,"column":4},"end":{"line":116,"column":7}},"26":{"start":{"line":123,"column":4},"end":{"line":128,"column":7}},"27":{"start":{"line":4,"column":0},"end":{"line":4,"column":13}}},"fnMap":{"0":{"name":"(anonymous_0)","decl":{"start":{"line":9,"column":2},"end":{"line":9,"column":14}},"loc":{"start":{"line":9,"column":56},"end":{"line":13,"column":3}}},"1":{"name":"(anonymous_1)","decl":{"start":{"line":15,"column":2},"end":{"line":15,"column":7}},"loc":{"start":{"line":15,"column":39},"end":{"line":32,"column":3}}},"2":{"name":"(anonymous_2)","decl":{"start":{"line":34,"column":2},"end":{"line":34,"column":7}},"loc":{"start":{"line":34,"column":46},"end":{"line":87,"column":3}}},"3":{"name":"(anonymous_3)","decl":{"start":{"line":89,"column":2},"end":{"line":89,"column":7}},"loc":{"start":{"line":91,"column":19},"end":{"line":99,"column":3}}},"4":{"name":"(anonymous_4)","decl":{"start":{"line":101,"column":2},"end":{"line":101,"column":7}},"loc":{"start":{"line":106,"column":16},"end":{"line":117,"column":3}}},"5":{"name":"(anonymous_5)","decl":{"start":{"line":119,"column":2},"end":{"line":119,"column":7}},"loc":{"start":{"line":121,"column":26},"end":{"line":129,"column":3}}}},"branchMap":{"0":{"loc":{"start":{"line":27,"column":19},"end":{"line":27,"column":32}},"type":"binary-expr","locations":[{"start":{"line":27,"column":19},"end":{"line":27,"column":26}},{"start":{"line":27,"column":30},"end":{"line":27,"column":32}}]},"1":{"loc":{"start":{"line":30,"column":17},"end":{"line":30,"column":44}},"type":"binary-expr","locations":[{"start":{"line":30,"column":17},"end":{"line":30,"column":31}},{"start":{"line":30,"column":35},"end":{"line":30,"column":44}}]},"2":{"loc":{"start":{"line":48,"column":6},"end":{"line":54,"column":7}},"type":"if","locations":[{"start":{"line":48,"column":6},"end":{"line":54,"column":7}},{"start":{"line":50,"column":13},"end":{"line":54,"column":7}}]},"3":{"loc":{"start":{"line":50,"column":13},"end":{"line":54,"column":7}},"type":"if","locations":[{"start":{"line":50,"column":13},"end":{"line":54,"column":7}},{"start":{"line":52,"column":13},"end":{"line":54,"column":7}}]},"4":{"loc":{"start":{"line":60,"column":6},"end":{"line":76,"column":7}},"type":"if","locations":[{"start":{"line":60,"column":6},"end":{"line":76,"column":7}}]},"5":{"loc":{"start":{"line":60,"column":10},"end":{"line":60,"column":45}},"type":"binary-expr","locations":[{"start":{"line":60,"column":10},"end":{"line":60,"column":33}},{"start":{"line":60,"column":37},"end":{"line":60,"column":45}}]},"6":{"loc":{"start":{"line":68,"column":10},"end":{"line":72,"column":11}},"type":"if","locations":[{"start":{"line":68,"column":10},"end":{"line":72,"column":11}},{"start":{"line":70,"column":17},"end":{"line":72,"column":11}}]}},"s":{"0":1,"1":0,"2":0,"3":0,"4":0,"5":0,"6":0,"7":0,"8":0,"9":0,"10":0,"11":0,"12":0,"13":0,"14":0,"15":0,"16":0,"17":0,"18":0,"19":0,"20":0,"21":0,"22":0,"23":0,"24":0,"25":0,"26":0,"27":1},"f":{"0":0,"1":0,"2":0,"3":0,"4":0,"5":0},"b":{"0":[0,0],"1":[0,0],"2":[0,0],"3":[0,0],"4":[0],"5":[0,0],"6":[0,0]}}
,"/home/rich/code/pr-reviewer/src/review/copilot-api-engine.ts": {"path":"/home/rich/code/pr-reviewer/src/review/copilot-api-engine.ts","statementMap":{"0":{"start":{"line":9,"column":20},"end":{"line":9,"column":51}},"1":{"start":{"line":10,"column":18},"end":{"line":10,"column":26}},"2":{"start":{"line":13,"column":18},"end":{"line":13,"column":95}},"3":{"start":{"line":15,"column":4},"end":{"line":19,"column":5}},"4":{"start":{"line":16,"column":6},"end":{"line":18,"column":8}},"5":{"start":{"line":21,"column":4},"end":{"line":21,"column":23}},"6":{"start":{"line":22,"column":4},"end":{"line":22,"column":61}},"7":{"start":{"line":26,"column":4},"end":{"line":26,"column":51}},"8":{"start":{"line":28,"column":4},"end":{"line":57,"column":5}},"9":{"start":{"line":30,"column":23},"end":{"line":37,"column":8}},"10":{"start":{"line":39,"column":6},"end":{"line":47,"column":7}},"11":{"start":{"line":40,"column":26},"end":{"line":40,"column":47}},"12":{"start":{"line":41,"column":8},"end":{"line":45,"column":9}},"13":{"start":{"line":42,"column":10},"end":{"line":44,"column":12}},"14":{"start":{"line":46,"column":8},"end":{"line":46,"column":81}},"15":{"start":{"line":49,"column":21},"end":{"line":49,"column":42}},"16":{"start":{"line":50,"column":6},"end":{"line":50,"column":72}},"17":{"start":{"line":51,"column":6},"end":{"line":51,"column":51}},"18":{"start":{"line":53,"column":6},"end":{"line":55,"column":7}},"19":{"start":{"line":54,"column":8},"end":{"line":54,"column":67}},"20":{"start":{"line":56,"column":6},"end":{"line":56,"column":18}},"21":{"start":{"line":64,"column":36},"end":{"line":64,"column":38}},"22":{"start":{"line":65,"column":26},"end":{"line":65,"column":57}},"23":{"start":{"line":65,"column":47},"end":{"line":65,"column":56}},"24":{"start":{"line":67,"column":4},"end":{"line":82,"column":5}},"25":{"start":{"line":68,"column":6},"end":{"line":68,"column":53}},"26":{"start":{"line":70,"column":6},"end":{"line":81,"column":7}},"27":{"start":{"line":71,"column":29},"end":{"line":71,"column":68}},"28":{"start":{"line":72,"column":8},"end":{"line":72,"column":38}},"29":{"start":{"line":74,"column":8},"end":{"line":74,"column":67}},"30":{"start":{"line":75,"column":8},"end":{"line":80,"column":11}},"31":{"start":{"line":84,"column":4},"end":{"line":84,"column":19}},"32":{"start":{"line":92,"column":27},"end":{"line":95,"column":17}},"33":{"start":{"line":94,"column":19},"end":{"line":94,"column":65}},"34":{"start":{"line":98,"column":26},"end":{"line":105,"column":19}},"35":{"start":{"line":99,"column":22},"end":{"line":99,"column":32}},"36":{"start":{"line":102,"column":22},"end":{"line":102,"column":75}},"37":{"start":{"line":103,"column":8},"end":{"line":103,"column":46}},"38":{"start":{"line":107,"column":25},"end":{"line":107,"column":113}},"39":{"start":{"line":109,"column":23},"end":{"line":122,"column":64}},"40":{"start":{"line":124,"column":4},"end":{"line":124,"column":84}},"41":{"start":{"line":125,"column":22},"end":{"line":125,"column":32}},"42":{"start":{"line":127,"column":4},"end":{"line":205,"column":5}},"43":{"start":{"line":128,"column":23},"end":{"line":146,"column":8}},"44":{"start":{"line":148,"column":6},"end":{"line":151,"column":7}},"45":{"start":{"line":149,"column":26},"end":{"line":149,"column":47}},"46":{"start":{"line":150,"column":8},"end":{"line":150,"column":81}},"47":{"start":{"line":153,"column":19},"end":{"line":153,"column":null}},"48":{"start":{"line":156,"column":23},"end":{"line":156,"column":67}},"49":{"start":{"line":157,"column":6},"end":{"line":157,"column":57}},"50":{"start":{"line":159,"column":22},"end":{"line":159,"column":65}},"51":{"start":{"line":161,"column":6},"end":{"line":169,"column":7}},"52":{"start":{"line":162,"column":8},"end":{"line":162,"column":62}},"53":{"start":{"line":163,"column":8},"end":{"line":168,"column":11}},"54":{"start":{"line":171,"column":6},"end":{"line":171,"column":88}},"55":{"start":{"line":174,"column":20},"end":{"line":174,"column":27}},"56":{"start":{"line":175,"column":24},"end":{"line":175,"column":76}},"57":{"start":{"line":176,"column":6},"end":{"line":178,"column":7}},"58":{"start":{"line":177,"column":8},"end":{"line":177,"column":31}},"59":{"start":{"line":180,"column":23},"end":{"line":180,"column":42}},"60":{"start":{"line":182,"column":6},"end":{"line":184,"column":7}},"61":{"start":{"line":183,"column":8},"end":{"line":183,"column":52}},"62":{"start":{"line":186,"column":6},"end":{"line":194,"column":10}},"63":{"start":{"line":186,"column":45},"end":{"line":194,"column":8}},"64":{"start":{"line":196,"column":23},"end":{"line":196,"column":67}},"65":{"start":{"line":197,"column":6},"end":{"line":197,"column":100}},"66":{"start":{"line":199,"column":6},"end":{"line":204,"column":9}},"67":{"start":{"line":210,"column":4},"end":{"line":210,"column":55}},"68":{"start":{"line":7,"column":0},"end":{"line":7,"column":13}}},"fnMap":{"0":{"name":"(anonymous_0)","decl":{"start":{"line":12,"column":2},"end":{"line":12,"column":null}},"loc":{"start":{"line":12,"column":2},"end":{"line":23,"column":3}}},"1":{"name":"(anonymous_1)","decl":{"start":{"line":25,"column":2},"end":{"line":25,"column":7}},"loc":{"start":{"line":25,"column":18},"end":{"line":58,"column":3}}},"2":{"name":"(anonymous_2)","decl":{"start":{"line":60,"column":2},"end":{"line":60,"column":7}},"loc":{"start":{"line":62,"column":29},"end":{"line":85,"column":3}}},"3":{"name":"(anonymous_3)","decl":{"start":{"line":65,"column":40},"end":{"line":65,"column":41}},"loc":{"start":{"line":65,"column":47},"end":{"line":65,"column":56}}},"4":{"name":"(anonymous_4)","decl":{"start":{"line":87,"column":10},"end":{"line":87,"column":15}},"loc":{"start":{"line":89,"column":29},"end":{"line":206,"column":3}}},"5":{"name":"(anonymous_5)","decl":{"start":{"line":94,"column":11},"end":{"line":94,"column":12}},"loc":{"start":{"line":94,"column":19},"end":{"line":94,"column":65}}},"6":{"name":"(anonymous_6)","decl":{"start":{"line":99,"column":14},"end":{"line":99,"column":15}},"loc":{"start":{"line":99,"column":22},"end":{"line":99,"column":32}}},"7":{"name":"(anonymous_7)","decl":{"start":{"line":101,"column":11},"end":{"line":101,"column":12}},"loc":{"start":{"line":101,"column":18},"end":{"line":104,"column":7}}},"8":{"name":"(anonymous_8)","decl":{"start":{"line":186,"column":26},"end":{"line":186,"column":27}},"loc":{"start":{"line":186,"column":45},"end":{"line":194,"column":8}}},"9":{"name":"(anonymous_9)","decl":{"start":{"line":208,"column":2},"end":{"line":208,"column":7}},"loc":{"start":{"line":208,"column":15},"end":{"line":211,"column":3}}}},"branchMap":{"0":{"loc":{"start":{"line":13,"column":18},"end":{"line":13,"column":95}},"type":"binary-expr","locations":[{"start":{"line":13,"column":18},"end":{"line":13,"column":38}},{"start":{"line":13,"column":42},"end":{"line":13,"column":66}},{"start":{"line":13,"column":70},"end":{"line":13,"column":95}}]},"1":{"loc":{"start":{"line":15,"column":4},"end":{"line":19,"column":5}},"type":"if","locations":[{"start":{"line":15,"column":4},"end":{"line":19,"column":5}}]},"2":{"loc":{"start":{"line":39,"column":6},"end":{"line":47,"column":7}},"type":"if","locations":[{"start":{"line":39,"column":6},"end":{"line":47,"column":7}}]},"3":{"loc":{"start":{"line":41,"column":8},"end":{"line":45,"column":9}},"type":"if","locations":[{"start":{"line":41,"column":8},"end":{"line":45,"column":9}}]},"4":{"loc":{"start":{"line":53,"column":6},"end":{"line":55,"column":7}},"type":"if","locations":[{"start":{"line":53,"column":6},"end":{"line":55,"column":7}}]},"5":{"loc":{"start":{"line":53,"column":10},"end":{"line":53,"column":71}},"type":"binary-expr","locations":[{"start":{"line":53,"column":10},"end":{"line":53,"column":36}},{"start":{"line":53,"column":40},"end":{"line":53,"column":71}}]},"6":{"loc":{"start":{"line":79,"column":43},"end":{"line":79,"column":97}},"type":"cond-expr","locations":[{"start":{"line":79,"column":68},"end":{"line":79,"column":81}},{"start":{"line":79,"column":84},"end":{"line":79,"column":97}}]},"7":{"loc":{"start":{"line":102,"column":22},"end":{"line":102,"column":75}},"type":"binary-expr","locations":[{"start":{"line":102,"column":22},"end":{"line":102,"column":69}},{"start":{"line":102,"column":73},"end":{"line":102,"column":75}}]},"8":{"loc":{"start":{"line":148,"column":6},"end":{"line":151,"column":7}},"type":"if","locations":[{"start":{"line":148,"column":6},"end":{"line":151,"column":7}}]},"9":{"loc":{"start":{"line":161,"column":6},"end":{"line":169,"column":7}},"type":"if","locations":[{"start":{"line":161,"column":6},"end":{"line":169,"column":7}}]},"10":{"loc":{"start":{"line":176,"column":6},"end":{"line":178,"column":7}},"type":"if","locations":[{"start":{"line":176,"column":6},"end":{"line":178,"column":7}}]},"11":{"loc":{"start":{"line":182,"column":6},"end":{"line":184,"column":7}},"type":"if","locations":[{"start":{"line":182,"column":6},"end":{"line":184,"column":7}}]},"12":{"loc":{"start":{"line":190,"column":17},"end":{"line":190,"column":57}},"type":"binary-expr","locations":[{"start":{"line":190,"column":17},"end":{"line":190,"column":32}},{"start":{"line":190,"column":36},"end":{"line":190,"column":57}}]},"13":{"loc":{"start":{"line":197,"column":52},"end":{"line":197,"column":98}},"type":"cond-expr","locations":[{"start":{"line":197,"column":77},"end":{"line":197,"column":90}},{"start":{"line":197,"column":93},"end":{"line":197,"column":98}}]},"14":{"loc":{"start":{"line":203,"column":34},"end":{"line":203,"column":88}},"type":"cond-expr","locations":[{"start":{"line":203,"column":59},"end":{"line":203,"column":72}},{"start":{"line":203,"column":75},"end":{"line":203,"column":88}}]}},"s":{"0":0,"1":0,"2":0,"3":0,"4":0,"5":0,"6":0,"7":0,"8":0,"9":0,"10":0,"11":0,"12":0,"13":0,"14":0,"15":0,"16":0,"17":0,"18":0,"19":0,"20":0,"21":0,"22":0,"23":0,"24":0,"25":0,"26":0,"27":0,"28":0,"29":0,"30":0,"31":0,"32":0,"33":0,"34":0,"35":0,"36":0,"37":0,"38":0,"39":0,"40":0,"41":0,"42":0,"43":0,"44":0,"45":0,"46":0,"47":0,"48":0,"49":0,"50":0,"51":0,"52":0,"53":0,"54":0,"55":0,"56":0,"57":0,"58":0,"59":0,"60":0,"61":0,"62":0,"63":0,"64":0,"65":0,"66":0,"67":0,"68":1},"f":{"0":0,"1":0,"2":0,"3":0,"4":0,"5":0,"6":0,"7":0,"8":0,"9":0},"b":{"0":[0,0,0],"1":[0],"2":[0],"3":[0],"4":[0],"5":[0,0],"6":[0,0],"7":[0,0],"8":[0],"9":[0],"10":[0],"11":[0],"12":[0,0],"13":[0,0],"14":[0,0]}}
,"/home/rich/code/pr-reviewer/src/review/reporter.ts": {"path":"/home/rich/code/pr-reviewer/src/review/reporter.ts","statementMap":{"0":{"start":{"line":5,"column":46},"end":{"line":5,"column":52}},"1":{"start":{"line":7,"column":19},"end":{"line":7,"column":51}},"2":{"start":{"line":8,"column":4},"end":{"line":8,"column":37}},"3":{"start":{"line":9,"column":4},"end":{"line":9,"column":96}},"4":{"start":{"line":10,"column":4},"end":{"line":10,"column":67}},"5":{"start":{"line":11,"column":4},"end":{"line":11,"column":105}},"6":{"start":{"line":12,"column":4},"end":{"line":12,"column":62}},"7":{"start":{"line":13,"column":4},"end":{"line":13,"column":88}},"8":{"start":{"line":16,"column":27},"end":{"line":16,"column":60}},"9":{"start":{"line":17,"column":4},"end":{"line":21,"column":5}},"10":{"start":{"line":18,"column":23},"end":{"line":18,"column":65}},"11":{"start":{"line":19,"column":6},"end":{"line":19,"column":28}},"12":{"start":{"line":20,"column":6},"end":{"line":20,"column":53}},"13":{"start":{"line":23,"column":24},"end":{"line":23,"column":43}},"14":{"start":{"line":24,"column":23},"end":{"line":24,"column":24}},"15":{"start":{"line":25,"column":23},"end":{"line":25,"column":24}},"16":{"start":{"line":27,"column":4},"end":{"line":33,"column":5}},"17":{"start":{"line":28,"column":6},"end":{"line":32,"column":7}},"18":{"start":{"line":28,"column":36},"end":{"line":28,"column":44}},"19":{"start":{"line":29,"column":8},"end":{"line":29,"column":23}},"20":{"start":{"line":31,"column":8},"end":{"line":31,"column":23}},"21":{"start":{"line":35,"column":4},"end":{"line":35,"column":36}},"22":{"start":{"line":37,"column":4},"end":{"line":43,"column":5}},"23":{"start":{"line":38,"column":6},"end":{"line":38,"column":64}},"24":{"start":{"line":40,"column":6},"end":{"line":40,"column":52}},"25":{"start":{"line":41,"column":6},"end":{"line":41,"column":54}},"26":{"start":{"line":42,"column":6},"end":{"line":42,"column":77}},"27":{"start":{"line":45,"column":4},"end":{"line":45,"column":45}},"28":{"start":{"line":48,"column":25},"end":{"line":54,"column":6}},"29":{"start":{"line":49,"column":22},"end":{"line":49,"column":46}},"30":{"start":{"line":49,"column":36},"end":{"line":49,"column":45}},"31":{"start":{"line":50,"column":22},"end":{"line":50,"column":46}},"32":{"start":{"line":50,"column":36},"end":{"line":50,"column":45}},"33":{"start":{"line":51,"column":6},"end":{"line":51,"column":41}},"34":{"start":{"line":51,"column":31},"end":{"line":51,"column":41}},"35":{"start":{"line":52,"column":6},"end":{"line":52,"column":40}},"36":{"start":{"line":52,"column":31},"end":{"line":52,"column":40}},"37":{"start":{"line":53,"column":6},"end":{"line":53,"column":15}},"38":{"start":{"line":56,"column":4},"end":{"line":91,"column":5}},"39":{"start":{"line":57,"column":24},"end":{"line":57,"column":59}},"40":{"start":{"line":57,"column":50},"end":{"line":57,"column":58}},"41":{"start":{"line":58,"column":19},"end":{"line":58,"column":40}},"42":{"start":{"line":60,"column":6},"end":{"line":60,"column":49}},"43":{"start":{"line":62,"column":6},"end":{"line":90,"column":7}},"44":{"start":{"line":64,"column":8},"end":{"line":64,"column":43}},"45":{"start":{"line":67,"column":23},"end":{"line":67,"column":60}},"46":{"start":{"line":67,"column":50},"end":{"line":67,"column":59}},"47":{"start":{"line":69,"column":8},"end":{"line":89,"column":9}},"48":{"start":{"line":71,"column":12},"end":{"line":72,"column":55}},"49":{"start":{"line":74,"column":10},"end":{"line":74,"column":60}},"50":{"start":{"line":76,"column":10},"end":{"line":82,"column":11}},"51":{"start":{"line":77,"column":12},"end":{"line":77,"column":52}},"52":{"start":{"line":78,"column":12},"end":{"line":80,"column":13}},"53":{"start":{"line":79,"column":14},"end":{"line":79,"column":51}},"54":{"start":{"line":81,"column":12},"end":{"line":81,"column":29}},"55":{"start":{"line":84,"column":10},"end":{"line":86,"column":11}},"56":{"start":{"line":85,"column":12},"end":{"line":85,"column":53}},"57":{"start":{"line":88,"column":10},"end":{"line":88,"column":27}},"58":{"start":{"line":93,"column":4},"end":{"line":93,"column":24}},"59":{"start":{"line":94,"column":4},"end":{"line":94,"column":95}},"60":{"start":{"line":96,"column":4},"end":{"line":96,"column":20}},"61":{"start":{"line":100,"column":33},"end":{"line":100,"column":39}},"62":{"start":{"line":103,"column":27},"end":{"line":103,"column":60}},"63":{"start":{"line":104,"column":4},"end":{"line":108,"column":5}},"64":{"start":{"line":105,"column":23},"end":{"line":105,"column":65}},"65":{"start":{"line":106,"column":6},"end":{"line":106,"column":28}},"66":{"start":{"line":107,"column":6},"end":{"line":107,"column":53}},"67":{"start":{"line":110,"column":24},"end":{"line":110,"column":43}},"68":{"start":{"line":111,"column":23},"end":{"line":111,"column":24}},"69":{"start":{"line":113,"column":4},"end":{"line":117,"column":5}},"70":{"start":{"line":114,"column":6},"end":{"line":116,"column":7}},"71":{"start":{"line":114,"column":36},"end":{"line":114,"column":44}},"72":{"start":{"line":115,"column":8},"end":{"line":115,"column":23}},"73":{"start":{"line":119,"column":17},"end":{"line":119,"column":40}},"74":{"start":{"line":120,"column":4},"end":{"line":120,"column":42}},"75":{"start":{"line":121,"column":4},"end":{"line":121,"column":38}},"76":{"start":{"line":123,"column":4},"end":{"line":123,"column":74}},"77":{"start":{"line":126,"column":25},"end":{"line":132,"column":6}},"78":{"start":{"line":127,"column":22},"end":{"line":127,"column":46}},"79":{"start":{"line":127,"column":36},"end":{"line":127,"column":45}},"80":{"start":{"line":128,"column":22},"end":{"line":128,"column":46}},"81":{"start":{"line":128,"column":36},"end":{"line":128,"column":45}},"82":{"start":{"line":129,"column":6},"end":{"line":129,"column":41}},"83":{"start":{"line":129,"column":31},"end":{"line":129,"column":41}},"84":{"start":{"line":130,"column":6},"end":{"line":130,"column":40}},"85":{"start":{"line":130,"column":31},"end":{"line":130,"column":40}},"86":{"start":{"line":131,"column":6},"end":{"line":131,"column":15}},"87":{"start":{"line":134,"column":4},"end":{"line":156,"column":5}},"88":{"start":{"line":135,"column":24},"end":{"line":135,"column":59}},"89":{"start":{"line":135,"column":50},"end":{"line":135,"column":58}},"90":{"start":{"line":136,"column":6},"end":{"line":136,"column":58}},"91":{"start":{"line":138,"column":6},"end":{"line":154,"column":7}},"92":{"start":{"line":139,"column":23},"end":{"line":139,"column":60}},"93":{"start":{"line":139,"column":50},"end":{"line":139,"column":59}},"94":{"start":{"line":140,"column":8},"end":{"line":153,"column":9}},"95":{"start":{"line":141,"column":25},"end":{"line":142,"column":81}},"96":{"start":{"line":144,"column":10},"end":{"line":144,"column":52}},"97":{"start":{"line":146,"column":10},"end":{"line":152,"column":11}},"98":{"start":{"line":147,"column":12},"end":{"line":147,"column":54}},"99":{"start":{"line":148,"column":12},"end":{"line":150,"column":13}},"100":{"start":{"line":149,"column":14},"end":{"line":149,"column":42}},"101":{"start":{"line":151,"column":12},"end":{"line":151,"column":27}},"102":{"start":{"line":155,"column":6},"end":{"line":155,"column":21}},"103":{"start":{"line":158,"column":4},"end":{"line":158,"column":36}},"104":{"start":{"line":160,"column":4},"end":{"line":160,"column":18}},"105":{"start":{"line":164,"column":20},"end":{"line":171,"column":6}},"106":{"start":{"line":173,"column":4},"end":{"line":182,"column":5}},"107":{"start":{"line":174,"column":6},"end":{"line":181,"column":7}},"108":{"start":{"line":175,"column":8},"end":{"line":175,"column":25}},"109":{"start":{"line":177,"column":8},"end":{"line":177,"column":25}},"110":{"start":{"line":178,"column":8},"end":{"line":180,"column":28}},"111":{"start":{"line":178,"column":41},"end":{"line":178,"column":58}},"112":{"start":{"line":179,"column":13},"end":{"line":180,"column":28}},"113":{"start":{"line":179,"column":48},"end":{"line":179,"column":67}},"114":{"start":{"line":180,"column":13},"end":{"line":180,"column":28}},"115":{"start":{"line":184,"column":4},"end":{"line":184,"column":19}},"116":{"start":{"line":3,"column":0},"end":{"line":3,"column":13}}},"fnMap":{"0":{"name":"(anonymous_0)","decl":{"start":{"line":4,"column":2},"end":{"line":4,"column":22}},"loc":{"start":{"line":4,"column":43},"end":{"line":97,"column":3}}},"1":{"name":"(anonymous_1)","decl":{"start":{"line":28,"column":29},"end":{"line":28,"column":30}},"loc":{"start":{"line":28,"column":36},"end":{"line":28,"column":44}}},"2":{"name":"(anonymous_2)","decl":{"start":{"line":48,"column":60},"end":{"line":48,"column":61}},"loc":{"start":{"line":48,"column":77},"end":{"line":54,"column":5}}},"3":{"name":"(anonymous_3)","decl":{"start":{"line":49,"column":29},"end":{"line":49,"column":30}},"loc":{"start":{"line":49,"column":36},"end":{"line":49,"column":45}}},"4":{"name":"(anonymous_4)","decl":{"start":{"line":50,"column":29},"end":{"line":50,"column":30}},"loc":{"start":{"line":50,"column":36},"end":{"line":50,"column":45}}},"5":{"name":"(anonymous_5)","decl":{"start":{"line":57,"column":43},"end":{"line":57,"column":44}},"loc":{"start":{"line":57,"column":50},"end":{"line":57,"column":58}}},"6":{"name":"(anonymous_6)","decl":{"start":{"line":67,"column":43},"end":{"line":67,"column":44}},"loc":{"start":{"line":67,"column":50},"end":{"line":67,"column":59}}},"7":{"name":"(anonymous_7)","decl":{"start":{"line":99,"column":2},"end":{"line":99,"column":21}},"loc":{"start":{"line":99,"column":42},"end":{"line":161,"column":3}}},"8":{"name":"(anonymous_8)","decl":{"start":{"line":114,"column":29},"end":{"line":114,"column":30}},"loc":{"start":{"line":114,"column":36},"end":{"line":114,"column":44}}},"9":{"name":"(anonymous_9)","decl":{"start":{"line":126,"column":60},"end":{"line":126,"column":61}},"loc":{"start":{"line":126,"column":77},"end":{"line":132,"column":5}}},"10":{"name":"(anonymous_10)","decl":{"start":{"line":127,"column":29},"end":{"line":127,"column":30}},"loc":{"start":{"line":127,"column":36},"end":{"line":127,"column":45}}},"11":{"name":"(anonymous_11)","decl":{"start":{"line":128,"column":29},"end":{"line":128,"column":30}},"loc":{"start":{"line":128,"column":36},"end":{"line":128,"column":45}}},"12":{"name":"(anonymous_12)","decl":{"start":{"line":135,"column":43},"end":{"line":135,"column":44}},"loc":{"start":{"line":135,"column":50},"end":{"line":135,"column":58}}},"13":{"name":"(anonymous_13)","decl":{"start":{"line":139,"column":43},"end":{"line":139,"column":44}},"loc":{"start":{"line":139,"column":50},"end":{"line":139,"column":59}}},"14":{"name":"(anonymous_14)","decl":{"start":{"line":163,"column":2},"end":{"line":163,"column":17}},"loc":{"start":{"line":163,"column":41},"end":{"line":185,"column":3}}}},"branchMap":{"0":{"loc":{"start":{"line":18,"column":23},"end":{"line":18,"column":65}},"type":"binary-expr","locations":[{"start":{"line":18,"column":23},"end":{"line":18,"column":59}},{"start":{"line":18,"column":63},"end":{"line":18,"column":65}}]},"1":{"loc":{"start":{"line":28,"column":6},"end":{"line":32,"column":7}},"type":"if","locations":[{"start":{"line":28,"column":6},"end":{"line":32,"column":7}},{"start":{"line":30,"column":13},"end":{"line":32,"column":7}}]},"2":{"loc":{"start":{"line":37,"column":4},"end":{"line":43,"column":5}},"type":"if","locations":[{"start":{"line":37,"column":4},"end":{"line":43,"column":5}},{"start":{"line":39,"column":11},"end":{"line":43,"column":5}}]},"3":{"loc":{"start":{"line":51,"column":6},"end":{"line":51,"column":41}},"type":"if","locations":[{"start":{"line":51,"column":6},"end":{"line":51,"column":41}}]},"4":{"loc":{"start":{"line":51,"column":10},"end":{"line":51,"column":29}},"type":"binary-expr","locations":[{"start":{"line":51,"column":10},"end":{"line":51,"column":17}},{"start":{"line":51,"column":21},"end":{"line":51,"column":29}}]},"5":{"loc":{"start":{"line":52,"column":6},"end":{"line":52,"column":40}},"type":"if","locations":[{"start":{"line":52,"column":6},"end":{"line":52,"column":40}}]},"6":{"loc":{"start":{"line":52,"column":10},"end":{"line":52,"column":29}},"type":"binary-expr","locations":[{"start":{"line":52,"column":10},"end":{"line":52,"column":18}},{"start":{"line":52,"column":22},"end":{"line":52,"column":29}}]},"7":{"loc":{"start":{"line":58,"column":19},"end":{"line":58,"column":40}},"type":"cond-expr","locations":[{"start":{"line":58,"column":31},"end":{"line":58,"column":34}},{"start":{"line":58,"column":37},"end":{"line":58,"column":40}}]},"8":{"loc":{"start":{"line":62,"column":6},"end":{"line":90,"column":7}},"type":"if","locations":[{"start":{"line":62,"column":6},"end":{"line":90,"column":7}},{"start":{"line":65,"column":13},"end":{"line":90,"column":7}}]},"9":{"loc":{"start":{"line":71,"column":12},"end":{"line":72,"column":55}},"type":"cond-expr","locations":[{"start":{"line":71,"column":42},"end":{"line":71,"column":46}},{"start":{"line":72,"column":12},"end":{"line":72,"column":55}}]},"10":{"loc":{"start":{"line":72,"column":12},"end":{"line":72,"column":55}},"type":"cond-expr","locations":[{"start":{"line":72,"column":44},"end":{"line":72,"column":48}},{"start":{"line":72,"column":51},"end":{"line":72,"column":55}}]},"11":{"loc":{"start":{"line":76,"column":10},"end":{"line":82,"column":11}},"type":"if","locations":[{"start":{"line":76,"column":10},"end":{"line":82,"column":11}}]},"12":{"loc":{"start":{"line":78,"column":12},"end":{"line":80,"column":13}},"type":"if","locations":[{"start":{"line":78,"column":12},"end":{"line":80,"column":13}}]},"13":{"loc":{"start":{"line":84,"column":10},"end":{"line":86,"column":11}},"type":"if","locations":[{"start":{"line":84,"column":10},"end":{"line":86,"column":11}}]},"14":{"loc":{"start":{"line":105,"column":23},"end":{"line":105,"column":65}},"type":"binary-expr","locations":[{"start":{"line":105,"column":23},"end":{"line":105,"column":59}},{"start":{"line":105,"column":63},"end":{"line":105,"column":65}}]},"15":{"loc":{"start":{"line":114,"column":6},"end":{"line":116,"column":7}},"type":"if","locations":[{"start":{"line":114,"column":6},"end":{"line":116,"column":7}}]},"16":{"loc":{"start":{"line":129,"column":6},"end":{"line":129,"column":41}},"type":"if","locations":[{"start":{"line":129,"column":6},"end":{"line":129,"column":41}}]},"17":{"loc":{"start":{"line":129,"column":10},"end":{"line":129,"column":29}},"type":"binary-expr","locations":[{"start":{"line":129,"column":10},"end":{"line":129,"column":17}},{"start":{"line":129,"column":21},"end":{"line":129,"column":29}}]},"18":{"loc":{"start":{"line":130,"column":6},"end":{"line":130,"column":40}},"type":"if","locations":[{"start":{"line":130,"column":6},"end":{"line":130,"column":40}}]},"19":{"loc":{"start":{"line":130,"column":10},"end":{"line":130,"column":29}},"type":"binary-expr","locations":[{"start":{"line":130,"column":10},"end":{"line":130,"column":18}},{"start":{"line":130,"column":22},"end":{"line":130,"column":29}}]},"20":{"loc":{"start":{"line":136,"column":19},"end":{"line":136,"column":40}},"type":"cond-expr","locations":[{"start":{"line":136,"column":31},"end":{"line":136,"column":34}},{"start":{"line":136,"column":37},"end":{"line":136,"column":40}}]},"21":{"loc":{"start":{"line":138,"column":6},"end":{"line":154,"column":7}},"type":"if","locations":[{"start":{"line":138,"column":6},"end":{"line":154,"column":7}}]},"22":{"loc":{"start":{"line":141,"column":25},"end":{"line":142,"column":81}},"type":"cond-expr","locations":[{"start":{"line":141,"column":55},"end":{"line":141,"column":66}},{"start":{"line":142,"column":24},"end":{"line":142,"column":81}}]},"23":{"loc":{"start":{"line":142,"column":24},"end":{"line":142,"column":81}},"type":"cond-expr","locations":[{"start":{"line":142,"column":56},"end":{"line":142,"column":67}},{"start":{"line":142,"column":70},"end":{"line":142,"column":81}}]},"24":{"loc":{"start":{"line":146,"column":10},"end":{"line":152,"column":11}},"type":"if","locations":[{"start":{"line":146,"column":10},"end":{"line":152,"column":11}}]},"25":{"loc":{"start":{"line":148,"column":12},"end":{"line":150,"column":13}},"type":"if","locations":[{"start":{"line":148,"column":12},"end":{"line":150,"column":13}}]},"26":{"loc":{"start":{"line":174,"column":6},"end":{"line":181,"column":7}},"type":"if","locations":[{"start":{"line":174,"column":6},"end":{"line":181,"column":7}},{"start":{"line":176,"column":13},"end":{"line":181,"column":7}}]},"27":{"loc":{"start":{"line":178,"column":8},"end":{"line":180,"column":28}},"type":"if","locations":[{"start":{"line":178,"column":8},"end":{"line":180,"column":28}},{"start":{"line":179,"column":13},"end":{"line":180,"column":28}}]},"28":{"loc":{"start":{"line":179,"column":13},"end":{"line":180,"column":28}},"type":"if","locations":[{"start":{"line":179,"column":13},"end":{"line":180,"column":28}},{"start":{"line":180,"column":13},"end":{"line":180,"column":28}}]}},"s":{"0":5,"1":5,"2":5,"3":5,"4":5,"5":5,"6":5,"7":5,"8":5,"9":5,"10":7,"11":7,"12":7,"13":5,"14":5,"15":5,"16":5,"17":5,"18":5,"19":1,"20":4,"21":5,"22":5,"23":2,"24":3,"25":3,"26":3,"27":5,"28":5,"29":1,"30":1,"31":1,"32":1,"33":1,"34":0,"35":1,"36":0,"37":1,"38":5,"39":5,"40":5,"41":5,"42":5,"43":5,"44":1,"45":4,"46":6,"47":4,"48":6,"49":6,"50":6,"51":0,"52":0,"53":0,"54":0,"55":6,"56":0,"57":6,"58":5,"59":5,"60":5,"61":2,"62":2,"63":2,"64":3,"65":3,"66":3,"67":2,"68":2,"69":2,"70":2,"71":2,"72":1,"73":2,"74":2,"75":2,"76":2,"77":2,"78":0,"79":0,"80":0,"81":0,"82":0,"83":0,"84":0,"85":0,"86":0,"87":2,"88":2,"89":2,"90":2,"91":2,"92":1,"93":2,"94":1,"95":2,"96":2,"97":2,"98":0,"99":0,"100":0,"101":0,"102":2,"103":2,"104":2,"105":10,"106":10,"107":9,"108":4,"109":5,"110":5,"111":1,"112":4,"113":2,"114":2,"115":10,"116":2},"f":{"0":5,"1":5,"2":1,"3":1,"4":1,"5":5,"6":6,"7":2,"8":2,"9":0,"10":0,"11":0,"12":2,"13":2,"14":10},"b":{"0":[7,5],"1":[1,4],"2":[2,3],"3":[0],"4":[1,1],"5":[0],"6":[1,0],"7":[1,4],"8":[1,4],"9":[1,5],"10":[1,4],"11":[0],"12":[0],"13":[0],"14":[3,2],"15":[1],"16":[0],"17":[0,0],"18":[0],"19":[0,0],"20":[1,1],"21":[1],"22":[2,0],"23":[0,0],"24":[0],"25":[0],"26":[4,5],"27":[1,4],"28":[2,2]}}
}
