TN:
SF:src/azure-pipelines-task.ts
FN:4,run
FNF:1
FNH:0
FNDA:0,run
DA:5,0
DA:7,0
DA:8,0
DA:9,0
DA:12,0
DA:13,0
DA:14,0
DA:18,0
DA:19,0
DA:20,0
DA:21,0
DA:23,0
DA:24,0
DA:27,0
DA:28,0
DA:32,0
DA:33,0
DA:34,0
DA:35,0
DA:37,0
DA:38,0
DA:39,0
DA:40,0
DA:43,0
DA:44,0
DA:47,0
DA:59,0
DA:60,0
DA:61,0
DA:62,0
DA:65,0
DA:66,0
DA:67,0
DA:68,0
DA:69,0
DA:72,0
DA:73,0
DA:78,0
DA:81,0
DA:82,0
DA:86,0
LF:41
LH:0
BRDA:8,0,0,0
BRDA:13,1,0,0
BRDA:23,2,0,0
BRDA:23,3,0,0
BRDA:23,3,1,0
BRDA:23,3,2,0
BRDA:27,4,0,0
BRDA:33,5,0,0
BRDA:33,5,1,0
BRDA:38,6,0,0
BRDA:38,6,1,0
BRDA:72,7,0,0
BRDA:72,7,1,0
BRDA:72,8,0,0
BRDA:72,8,1,0
BRDA:81,9,0,0
BRDA:81,9,1,0
BRF:17
BRH:0
end_of_record
TN:
SF:src/github-action.ts
FN:5,run
FNF:1
FNH:0
FNDA:0,run
DA:6,0
DA:8,0
DA:9,0
DA:12,0
DA:13,0
DA:14,0
DA:17,0
DA:18,0
DA:19,0
DA:20,0
DA:21,0
DA:23,0
DA:24,0
DA:25,0
DA:26,0
DA:29,0
DA:30,0
DA:33,0
DA:44,0
DA:45,0
DA:46,0
DA:47,0
DA:50,0
DA:51,0
DA:52,0
DA:53,0
DA:54,0
DA:57,0
DA:58,0
DA:62,0
DA:65,0
DA:66,0
DA:70,0
LF:33
LH:0
BRDA:8,0,0,0
BRDA:19,1,0,0
BRDA:19,1,1,0
BRDA:24,2,0,0
BRDA:24,2,1,0
BRDA:57,3,0,0
BRDA:57,3,1,0
BRDA:57,4,0,0
BRDA:57,4,1,0
BRDA:65,5,0,0
BRDA:65,5,1,0
BRF:11
BRH:0
end_of_record
TN:
SF:src/index.ts
FN:48,discoverConfigFile
FN:71,loadConfig
FN:114,reviewPullRequest
FN:119,(anonymous_13)
FN:145,(anonymous_14)
FN:163,(anonymous_15)
FN:221,(anonymous_16)
FN:222,(anonymous_17)
FN:223,(anonymous_18)
FN:224,(anonymous_19)
FNF:10
FNH:5
FNDA:3,discoverConfigFile
FNDA:12,loadConfig
FNDA:12,reviewPullRequest
FNDA:11,(anonymous_13)
FNDA:1,(anonymous_14)
FNDA:0,(anonymous_15)
FNDA:0,(anonymous_16)
FNDA:0,(anonymous_17)
FNDA:0,(anonymous_18)
FNDA:0,(anonymous_19)
DA:1,1
DA:3,1
DA:4,1
DA:5,1
DA:6,1
DA:49,3
DA:56,3
DA:57,7
DA:58,7
DA:59,2
DA:65,1
DA:72,12
DA:74,12
DA:75,3
DA:76,3
DA:77,1
DA:82,2
DA:85,11
DA:86,11
DA:88,11
DA:89,1
DA:92,10
DA:114,1
DA:118,12
DA:119,11
DA:121,10
DA:122,0
DA:130,10
DA:131,9
DA:132,1
DA:135,8
DA:141,8
DA:142,8
DA:144,8
DA:145,1
DA:146,1
DA:148,1
DA:149,1
DA:150,1
DA:153,0
DA:159,0
DA:160,0
DA:162,0
DA:163,0
DA:164,0
DA:167,0
DA:170,8
DA:172,4
DA:173,4
DA:182,4
DA:183,4
DA:185,4
DA:187,4
DA:190,3
DA:191,3
DA:193,3
DA:201,3
DA:202,1
DA:203,1
DA:207,3
DA:208,1
DA:209,1
DA:212,3
DA:215,4
DA:220,1
DA:221,1
DA:222,1
DA:223,1
DA:224,1
LF:69
LH:61
BRDA:74,0,0,3
BRDA:76,1,0,1
BRDA:88,2,0,1
BRDA:88,3,0,11
BRDA:88,3,1,10
BRDA:121,4,0,0
BRDA:130,5,0,9
BRDA:130,5,1,1
BRDA:131,6,0,1
BRDA:131,7,0,9
BRDA:131,7,1,8
BRDA:144,8,0,1
BRDA:148,9,0,1
BRDA:148,9,1,0
BRDA:149,10,0,1
BRDA:149,11,0,1
BRDA:149,11,1,0
BRDA:149,11,2,0
BRDA:162,12,0,0
BRDA:170,13,0,4
BRDA:201,14,0,1
BRDA:207,15,0,1
BRF:22
BRH:17
end_of_record
TN:
SF:src/azure-devops/client.ts
FN:10,(anonymous_9)
FN:18,(anonymous_10)
FN:38,(anonymous_11)
FN:114,(anonymous_12)
FN:133,(anonymous_13)
FNF:5
FNH:0
FNDA:0,(anonymous_9)
FNDA:0,(anonymous_10)
FNDA:0,(anonymous_11)
FNDA:0,(anonymous_12)
FNDA:0,(anonymous_13)
DA:1,1
DA:5,1
DA:11,0
DA:12,0
DA:14,0
DA:15,0
DA:19,0
DA:20,0
DA:22,0
DA:23,0
DA:26,0
DA:39,0
DA:42,0
DA:43,0
DA:44,0
DA:48,0
DA:49,0
DA:56,0
DA:58,0
DA:59,0
DA:60,0
DA:63,0
DA:64,0
DA:65,0
DA:66,0
DA:68,0
DA:75,0
DA:76,0
DA:77,0
DA:82,0
DA:84,0
DA:85,0
DA:86,0
DA:88,0
DA:93,0
DA:96,0
DA:99,0
DA:102,0
DA:111,0
DA:120,0
DA:122,0
DA:130,0
DA:138,0
DA:140,0
DA:141,0
DA:142,0
DA:145,0
LF:47
LH:2
BRDA:22,0,0,0
BRDA:30,1,0,0
BRDA:30,1,1,0
BRDA:31,2,0,0
BRDA:31,2,1,0
BRDA:32,3,0,0
BRDA:32,3,1,0
BRDA:33,4,0,0
BRDA:33,4,1,0
BRDA:34,5,0,0
BRDA:34,5,1,0
BRDA:43,6,0,0
BRDA:43,7,0,0
BRDA:43,7,1,0
BRDA:58,8,0,0
BRDA:60,9,0,0
BRDA:63,10,0,0
BRDA:63,10,1,0
BRDA:63,11,0,0
BRDA:63,11,1,0
BRDA:65,12,0,0
BRDA:65,12,1,0
BRDA:65,13,0,0
BRDA:65,13,1,0
BRDA:76,14,0,0
BRDA:76,15,0,0
BRDA:76,15,1,0
BRDA:82,16,0,0
BRDA:93,17,0,0
BRDA:118,18,0,0
BRDA:127,19,0,0
BRDA:127,19,1,0
BRDA:127,20,0,0
BRDA:127,20,1,0
BRDA:141,21,0,0
BRF:35
BRH:0
end_of_record
TN:
SF:src/github/client.ts
FN:9,(anonymous_0)
FN:15,(anonymous_1)
FN:34,(anonymous_2)
FN:89,(anonymous_3)
FN:101,(anonymous_4)
FN:119,(anonymous_5)
FNF:6
FNH:0
FNDA:0,(anonymous_0)
FNDA:0,(anonymous_1)
FNDA:0,(anonymous_2)
FNDA:0,(anonymous_3)
FNDA:0,(anonymous_4)
FNDA:0,(anonymous_5)
DA:1,1
DA:4,1
DA:10,0
DA:11,0
DA:12,0
DA:16,0
DA:22,0
DA:36,0
DA:43,0
DA:45,0
DA:48,0
DA:49,0
DA:50,0
DA:51,0
DA:53,0
DA:57,0
DA:60,0
DA:61,0
DA:62,0
DA:68,0
DA:69,0
DA:71,0
DA:74,0
DA:78,0
DA:86,0
DA:93,0
DA:108,0
DA:123,0
LF:28
LH:2
BRDA:27,0,0,0
BRDA:27,0,1,0
BRDA:30,1,0,0
BRDA:30,1,1,0
BRDA:48,2,0,0
BRDA:48,2,1,0
BRDA:50,3,0,0
BRDA:50,3,1,0
BRDA:60,4,0,0
BRDA:60,5,0,0
BRDA:60,5,1,0
BRDA:68,6,0,0
BRDA:68,6,1,0
BRF:13
BRH:0
end_of_record
TN:
SF:src/review/copilot-api-engine.ts
FN:12,(anonymous_0)
FN:25,(anonymous_1)
FN:60,(anonymous_2)
FN:65,(anonymous_3)
FN:87,(anonymous_4)
FN:94,(anonymous_5)
FN:99,(anonymous_6)
FN:101,(anonymous_7)
FN:186,(anonymous_8)
FN:208,(anonymous_9)
FNF:10
FNH:0
FNDA:0,(anonymous_0)
FNDA:0,(anonymous_1)
FNDA:0,(anonymous_2)
FNDA:0,(anonymous_3)
FNDA:0,(anonymous_4)
FNDA:0,(anonymous_5)
FNDA:0,(anonymous_6)
FNDA:0,(anonymous_7)
FNDA:0,(anonymous_8)
FNDA:0,(anonymous_9)
DA:7,1
DA:9,0
DA:10,0
DA:13,0
DA:15,0
DA:16,0
DA:21,0
DA:22,0
DA:26,0
DA:28,0
DA:30,0
DA:39,0
DA:40,0
DA:41,0
DA:42,0
DA:46,0
DA:49,0
DA:50,0
DA:51,0
DA:53,0
DA:54,0
DA:56,0
DA:64,0
DA:65,0
DA:67,0
DA:68,0
DA:70,0
DA:71,0
DA:72,0
DA:74,0
DA:75,0
DA:84,0
DA:92,0
DA:94,0
DA:98,0
DA:99,0
DA:102,0
DA:103,0
DA:107,0
DA:109,0
DA:124,0
DA:125,0
DA:127,0
DA:128,0
DA:148,0
DA:149,0
DA:150,0
DA:153,0
DA:156,0
DA:157,0
DA:159,0
DA:161,0
DA:162,0
DA:163,0
DA:171,0
DA:174,0
DA:175,0
DA:176,0
DA:177,0
DA:180,0
DA:182,0
DA:183,0
DA:186,0
DA:196,0
DA:197,0
DA:199,0
DA:210,0
LF:67
LH:1
BRDA:13,0,0,0
BRDA:13,0,1,0
BRDA:13,0,2,0
BRDA:15,1,0,0
BRDA:39,2,0,0
BRDA:41,3,0,0
BRDA:53,4,0,0
BRDA:53,5,0,0
BRDA:53,5,1,0
BRDA:79,6,0,0
BRDA:79,6,1,0
BRDA:102,7,0,0
BRDA:102,7,1,0
BRDA:148,8,0,0
BRDA:161,9,0,0
BRDA:176,10,0,0
BRDA:182,11,0,0
BRDA:190,12,0,0
BRDA:190,12,1,0
BRDA:197,13,0,0
BRDA:197,13,1,0
BRDA:203,14,0,0
BRDA:203,14,1,0
BRF:23
BRH:0
end_of_record
TN:
SF:src/review/reporter.ts
FN:4,(anonymous_0)
FN:28,(anonymous_1)
FN:48,(anonymous_2)
FN:49,(anonymous_3)
FN:50,(anonymous_4)
FN:57,(anonymous_5)
FN:67,(anonymous_6)
FN:99,(anonymous_7)
FN:114,(anonymous_8)
FN:126,(anonymous_9)
FN:127,(anonymous_10)
FN:128,(anonymous_11)
FN:135,(anonymous_12)
FN:139,(anonymous_13)
FN:163,(anonymous_14)
FNF:15
FNH:12
FNDA:5,(anonymous_0)
FNDA:5,(anonymous_1)
FNDA:1,(anonymous_2)
FNDA:1,(anonymous_3)
FNDA:1,(anonymous_4)
FNDA:5,(anonymous_5)
FNDA:6,(anonymous_6)
FNDA:2,(anonymous_7)
FNDA:2,(anonymous_8)
FNDA:0,(anonymous_9)
FNDA:0,(anonymous_10)
FNDA:0,(anonymous_11)
FNDA:2,(anonymous_12)
FNDA:2,(anonymous_13)
FNDA:10,(anonymous_14)
DA:3,2
DA:5,5
DA:7,5
DA:8,5
DA:9,5
DA:10,5
DA:11,5
DA:12,5
DA:13,5
DA:16,5
DA:17,5
DA:18,7
DA:19,7
DA:20,7
DA:23,5
DA:24,5
DA:25,5
DA:27,5
DA:28,5
DA:29,1
DA:31,4
DA:35,5
DA:37,5
DA:38,2
DA:40,3
DA:41,3
DA:42,3
DA:45,5
DA:48,5
DA:49,1
DA:50,1
DA:51,1
DA:52,1
DA:53,1
DA:56,5
DA:57,5
DA:58,5
DA:60,5
DA:62,5
DA:64,1
DA:67,6
DA:69,4
DA:71,6
DA:74,6
DA:76,6
DA:77,0
DA:78,0
DA:79,0
DA:81,0
DA:84,6
DA:85,0
DA:88,6
DA:93,5
DA:94,5
DA:96,5
DA:100,2
DA:103,2
DA:104,2
DA:105,3
DA:106,3
DA:107,3
DA:110,2
DA:111,2
DA:113,2
DA:114,2
DA:115,1
DA:119,2
DA:120,2
DA:121,2
DA:123,2
DA:126,2
DA:127,0
DA:128,0
DA:129,0
DA:130,0
DA:131,0
DA:134,2
DA:135,2
DA:136,2
DA:138,2
DA:139,2
DA:140,1
DA:141,2
DA:144,2
DA:146,2
DA:147,0
DA:148,0
DA:149,0
DA:151,0
DA:155,2
DA:158,2
DA:160,2
DA:164,10
DA:173,10
DA:174,9
DA:175,4
DA:177,5
DA:178,5
DA:179,4
DA:180,2
DA:184,10
LF:101
LH:87
BRDA:18,0,0,7
BRDA:18,0,1,5
BRDA:28,1,0,1
BRDA:28,1,1,4
BRDA:37,2,0,2
BRDA:37,2,1,3
BRDA:51,3,0,0
BRDA:51,4,0,1
BRDA:51,4,1,1
BRDA:52,5,0,0
BRDA:52,6,0,1
BRDA:52,6,1,0
BRDA:58,7,0,1
BRDA:58,7,1,4
BRDA:62,8,0,1
BRDA:62,8,1,4
BRDA:71,9,0,1
BRDA:71,9,1,5
BRDA:72,10,0,1
BRDA:72,10,1,4
BRDA:76,11,0,0
BRDA:78,12,0,0
BRDA:84,13,0,0
BRDA:105,14,0,3
BRDA:105,14,1,2
BRDA:114,15,0,1
BRDA:129,16,0,0
BRDA:129,17,0,0
BRDA:129,17,1,0
BRDA:130,18,0,0
BRDA:130,19,0,0
BRDA:130,19,1,0
BRDA:136,20,0,1
BRDA:136,20,1,1
BRDA:138,21,0,1
BRDA:141,22,0,2
BRDA:141,22,1,0
BRDA:142,23,0,0
BRDA:142,23,1,0
BRDA:146,24,0,0
BRDA:148,25,0,0
BRDA:174,26,0,4
BRDA:174,26,1,5
BRDA:178,27,0,1
BRDA:178,27,1,4
BRDA:179,28,0,2
BRDA:179,28,1,2
BRF:47
BRH:30
end_of_record
